<?xml version="1.0" encoding="UTF-8"?>
<!-- Generated by org.testng.reporters.JUnitReportReporter -->
<testsuite hostname="DESKTOP-PR4UNPF" failures="0" tests="4" name="testCases.TC003_LoginDDT" time="37.132" errors="0" timestamp="2024-10-04T02:15:33 IST" skipped="0">
  <testcase classname="testCases.TC003_LoginDDT" name="verify_loginDDT" time="6.007"/>
  <testcase classname="testCases.TC003_LoginDDT" name="verify_loginDDT" time="14.812"/>
  <testcase classname="testCases.TC003_LoginDDT" name="verify_loginDDT" time="7.017"/>
  <testcase classname="testCases.TC003_LoginDDT" name="verify_loginDDT" time="9.296"/>
</testsuite> <!-- testCases.TC003_LoginDDT -->
