<?xml version="1.0" encoding="UTF-8"?>
<!-- Generated by org.testng.reporters.JUnitReportReporter -->
<testsuite hostname="DESKTOP-PR4UNPF" failures="0" tests="1" name="testCases.TC002_LoginTest" time="1.740" errors="0" timestamp="2024-10-05T19:24:04 IST" skipped="0">
  <testcase classname="testCases.TC002_LoginTest" name="verify_Login" time="1.740"/>
</testsuite> <!-- testCases.TC002_LoginTest -->
